This is pdfTeX, Version 3.14159265-2.6-1.40.18 (TeX Live 2017/W32TeX) (preloaded format=pdflatex 2017.9.19)  19 JAN 2018 13:12
entering extended mode
 restricted \write18 enabled.
 %&-line parsing enabled.
**./Report.tex
(./Report.tex
LaTeX2e <2017-04-15>
Babel <3.12> and hyphenation patterns for 84 language(s) loaded.
(./IEEEtran.cls
Document Class: IEEEtran 2014/09/17 V1.8a by Michael Shell
-- See the "IEEEtran_HOWTO" manual for usage information.
-- http://www.michaelshell.org/tex/ieeetran/
\@IEEEtrantmpdimenA=\dimen102
\@IEEEtrantmpdimenB=\dimen103
\@IEEEtrantmpdimenC=\dimen104
\@IEEEtrantmpcountA=\count79
\@IEEEtrantmpcountB=\count80
\@IEEEtrantmpcountC=\count81
\@IEEEtrantmptoksA=\toks14
LaTeX Font Info:    Try loading font information for OT1+ptm on input line 458.

(c:/texlive/2017/texmf-dist/tex/latex/psnfss/ot1ptm.fd
File: ot1ptm.fd 2001/06/04 font definitions for OT1/ptm.
)
-- Using 8.5in x 11in (letter) paper.
-- Using PDF output.
\@IEEEnormalsizeunitybaselineskip=\dimen105
-- This is a 10 point document.
\CLASSINFOnormalsizebaselineskip=\dimen106
\CLASSINFOnormalsizeunitybaselineskip=\dimen107
\IEEEnormaljot=\dimen108
LaTeX Font Info:    Font shape `OT1/ptm/bx/n' in size <5> not available
(Font)              Font shape `OT1/ptm/b/n' tried instead on input line 1039.
LaTeX Font Info:    Font shape `OT1/ptm/bx/it' in size <5> not available
(Font)              Font shape `OT1/ptm/b/it' tried instead on input line 1039.

LaTeX Font Info:    Font shape `OT1/ptm/bx/n' in size <7> not available
(Font)              Font shape `OT1/ptm/b/n' tried instead on input line 1039.
LaTeX Font Info:    Font shape `OT1/ptm/bx/it' in size <7> not available
(Font)              Font shape `OT1/ptm/b/it' tried instead on input line 1039.

LaTeX Font Info:    Font shape `OT1/ptm/bx/n' in size <8> not available
(Font)              Font shape `OT1/ptm/b/n' tried instead on input line 1039.
LaTeX Font Info:    Font shape `OT1/ptm/bx/it' in size <8> not available
(Font)              Font shape `OT1/ptm/b/it' tried instead on input line 1039.

LaTeX Font Info:    Font shape `OT1/ptm/bx/n' in size <9> not available
(Font)              Font shape `OT1/ptm/b/n' tried instead on input line 1039.
LaTeX Font Info:    Font shape `OT1/ptm/bx/it' in size <9> not available
(Font)              Font shape `OT1/ptm/b/it' tried instead on input line 1039.

LaTeX Font Info:    Font shape `OT1/ptm/bx/n' in size <10> not available
(Font)              Font shape `OT1/ptm/b/n' tried instead on input line 1039.
LaTeX Font Info:    Font shape `OT1/ptm/bx/it' in size <10> not available
(Font)              Font shape `OT1/ptm/b/it' tried instead on input line 1039.

LaTeX Font Info:    Font shape `OT1/ptm/bx/n' in size <11> not available
(Font)              Font shape `OT1/ptm/b/n' tried instead on input line 1039.
LaTeX Font Info:    Font shape `OT1/ptm/bx/it' in size <11> not available
(Font)              Font shape `OT1/ptm/b/it' tried instead on input line 1039.

LaTeX Font Info:    Font shape `OT1/ptm/bx/n' in size <12> not available
(Font)              Font shape `OT1/ptm/b/n' tried instead on input line 1039.
LaTeX Font Info:    Font shape `OT1/ptm/bx/it' in size <12> not available
(Font)              Font shape `OT1/ptm/b/it' tried instead on input line 1039.

LaTeX Font Info:    Font shape `OT1/ptm/bx/n' in size <17> not available
(Font)              Font shape `OT1/ptm/b/n' tried instead on input line 1039.
LaTeX Font Info:    Font shape `OT1/ptm/bx/it' in size <17> not available
(Font)              Font shape `OT1/ptm/b/it' tried instead on input line 1039.

LaTeX Font Info:    Font shape `OT1/ptm/bx/n' in size <20> not available
(Font)              Font shape `OT1/ptm/b/n' tried instead on input line 1039.
LaTeX Font Info:    Font shape `OT1/ptm/bx/it' in size <20> not available
(Font)              Font shape `OT1/ptm/b/it' tried instead on input line 1039.

LaTeX Font Info:    Font shape `OT1/ptm/bx/n' in size <24> not available
(Font)              Font shape `OT1/ptm/b/n' tried instead on input line 1039.
LaTeX Font Info:    Font shape `OT1/ptm/bx/it' in size <24> not available
(Font)              Font shape `OT1/ptm/b/it' tried instead on input line 1039.

\IEEEquantizedlength=\dimen109
\IEEEquantizedlengthdiff=\dimen110
\IEEEquantizedtextheightdiff=\dimen111
\IEEEilabelindentA=\dimen112
\IEEEilabelindentB=\dimen113
\IEEEilabelindent=\dimen114
\IEEEelabelindent=\dimen115
\IEEEdlabelindent=\dimen116
\IEEElabelindent=\dimen117
\IEEEiednormlabelsep=\dimen118
\IEEEiedmathlabelsep=\dimen119
\IEEEiedtopsep=\skip41
\c@section=\count82
\c@subsection=\count83
\c@subsubsection=\count84
\c@paragraph=\count85
\c@IEEEsubequation=\count86
\abovecaptionskip=\skip42
\belowcaptionskip=\skip43
\c@figure=\count87
\c@table=\count88
\@IEEEeqnnumcols=\count89
\@IEEEeqncolcnt=\count90
\@IEEEsubeqnnumrollback=\count91
\@IEEEquantizeheightA=\dimen120
\@IEEEquantizeheightB=\dimen121
\@IEEEquantizeheightC=\dimen122
\@IEEEquantizeprevdepth=\dimen123
\@IEEEquantizemultiple=\count92
\@IEEEquantizeboxA=\box26
\@IEEEtmpitemindent=\dimen124
\c@IEEEbiography=\count93
\@IEEEtranrubishbin=\box27
) (c:/texlive/2017/texmf-dist/tex/latex/amsfonts/amsfonts.sty
Package: amsfonts 2013/01/14 v3.01 Basic AMSFonts support
\@emptytoks=\toks15
\symAMSa=\mathgroup4
\symAMSb=\mathgroup5
LaTeX Font Info:    Overwriting math alphabet `\mathfrak' in version `bold'
(Font)                  U/euf/m/n --> U/euf/b/n on input line 106.
)
(c:/texlive/2017/texmf-dist/tex/latex/amsmath/amsmath.sty
Package: amsmath 2017/09/02 v2.17a AMS math features
\@mathmargin=\skip44

For additional information on amsmath, use the `?' option.
(c:/texlive/2017/texmf-dist/tex/latex/amsmath/amstext.sty
Package: amstext 2000/06/29 v2.01 AMS text

(c:/texlive/2017/texmf-dist/tex/latex/amsmath/amsgen.sty
File: amsgen.sty 1999/11/30 v2.0 generic functions
\@emptytoks=\toks16
\ex@=\dimen125
))
(c:/texlive/2017/texmf-dist/tex/latex/amsmath/amsbsy.sty
Package: amsbsy 1999/11/29 v1.2d Bold Symbols
\pmbraise@=\dimen126
)
(c:/texlive/2017/texmf-dist/tex/latex/amsmath/amsopn.sty
Package: amsopn 2016/03/08 v2.02 operator names
)
\inf@bad=\count94
LaTeX Info: Redefining \frac on input line 213.
\uproot@=\count95
\leftroot@=\count96
LaTeX Info: Redefining \overline on input line 375.
\classnum@=\count97
\DOTSCASE@=\count98
LaTeX Info: Redefining \ldots on input line 472.
LaTeX Info: Redefining \dots on input line 475.
LaTeX Info: Redefining \cdots on input line 596.
\Mathstrutbox@=\box28
\strutbox@=\box29
\big@size=\dimen127
LaTeX Font Info:    Redeclaring font encoding OML on input line 712.
LaTeX Font Info:    Redeclaring font encoding OMS on input line 713.
\macc@depth=\count99
\c@MaxMatrixCols=\count100
\dotsspace@=\muskip10
\c@parentequation=\count101
\dspbrk@lvl=\count102
\tag@help=\toks17
\row@=\count103
\column@=\count104
\maxfields@=\count105
\andhelp@=\toks18
\eqnshift@=\dimen128
\alignsep@=\dimen129
\tagshift@=\dimen130
\tagwidth@=\dimen131
\totwidth@=\dimen132
\lineht@=\dimen133
\@envbody=\toks19
\multlinegap=\skip45
\multlinetaggap=\skip46
\mathdisplay@stack=\toks20
LaTeX Info: Redefining \[ on input line 2817.
LaTeX Info: Redefining \] on input line 2818.
)
(c:/texlive/2017/texmf-dist/tex/latex/algorithms/algorithm.sty
Package: algorithm 2009/08/24 v0.1 Document Style `algorithm' - floating enviro
nment

(c:/texlive/2017/texmf-dist/tex/latex/float/float.sty
Package: float 2001/11/08 v1.3d Float enhancements (AL)
\c@float@type=\count106
\float@exts=\toks21
\float@box=\box30
\@float@everytoks=\toks22
\@floatcapt=\box31
)
(c:/texlive/2017/texmf-dist/tex/latex/base/ifthen.sty
Package: ifthen 2014/09/29 v1.1c Standard LaTeX ifthen package (DPC)
)
\@float@every@algorithm=\toks23
\c@algorithm=\count107
)
(c:/texlive/2017/texmf-dist/tex/latex/algorithms/algorithmic.sty
Package: algorithmic 2009/08/24 v0.1 Document Style `algorithmic'

(c:/texlive/2017/texmf-dist/tex/latex/graphics/keyval.sty
Package: keyval 2014/10/28 v1.15 key=value parser (DPC)
\KV@toks@=\toks24
)
\c@ALC@unique=\count108
\c@ALC@line=\count109
\c@ALC@rem=\count110
\c@ALC@depth=\count111
\ALC@tlm=\skip47
\algorithmicindent=\skip48
)
(c:/texlive/2017/texmf-dist/tex/latex/amsfonts/amssymb.sty
Package: amssymb 2013/01/14 v3.01 AMS font symbols
)
(c:/texlive/2017/texmf-dist/tex/latex/graphics/graphicx.sty
Package: graphicx 2017/06/01 v1.1a Enhanced LaTeX Graphics (DPC,SPQR)

(c:/texlive/2017/texmf-dist/tex/latex/graphics/graphics.sty
Package: graphics 2017/06/25 v1.2c Standard LaTeX Graphics (DPC,SPQR)

(c:/texlive/2017/texmf-dist/tex/latex/graphics/trig.sty
Package: trig 2016/01/03 v1.10 sin cos tan (DPC)
)
(c:/texlive/2017/texmf-dist/tex/latex/graphics-cfg/graphics.cfg
File: graphics.cfg 2016/06/04 v1.11 sample graphics configuration
)
Package graphics Info: Driver file: pdftex.def on input line 99.

(c:/texlive/2017/texmf-dist/tex/latex/graphics-def/pdftex.def
File: pdftex.def 2017/06/24 v1.0g Graphics/color driver for pdftex
))
\Gin@req@height=\dimen134
\Gin@req@width=\dimen135
)
(c:/texlive/2017/texmf-dist/tex/latex/cite/cite.sty
LaTeX Info: Redefining \cite on input line 302.
LaTeX Info: Redefining \nocite on input line 332.
Package: cite 2015/02/27  v 5.5
)
(c:/texlive/2017/texmf-dist/tex/latex/subfigure/subfigure.sty
Package: subfigure 2002/03/15 v2.1.5 subfigure package
\subfigtopskip=\skip49
\subfigcapskip=\skip50
\subfigcaptopadj=\dimen136
\subfigbottomskip=\skip51
\subfigcapmargin=\dimen137
\subfiglabelskip=\skip52
\c@subfigure=\count112
\c@lofdepth=\count113
\c@subtable=\count114
\c@lotdepth=\count115

****************************************
* Local config file subfigure.cfg used *
****************************************
(c:/texlive/2017/texmf-dist/tex/latex/subfigure/subfigure.cfg)
\subfig@top=\skip53
\subfig@bottom=\skip54
)
(c:/texlive/2017/texmf-dist/tex/latex/graphics/color.sty
Package: color 2016/07/10 v1.1e Standard LaTeX Color (DPC)

(c:/texlive/2017/texmf-dist/tex/latex/graphics-cfg/color.cfg
File: color.cfg 2016/01/02 v1.6 sample color configuration
)
Package color Info: Driver file: pdftex.def on input line 147.
)
(c:/texlive/2017/texmf-dist/tex/latex/listings/listings.sty
\lst@mode=\count116
\lst@gtempboxa=\box32
\lst@token=\toks25
\lst@length=\count117
\lst@currlwidth=\dimen138
\lst@column=\count118
\lst@pos=\count119
\lst@lostspace=\dimen139
\lst@width=\dimen140
\lst@newlines=\count120
\lst@lineno=\count121
\lst@maxwidth=\dimen141

(c:/texlive/2017/texmf-dist/tex/latex/listings/lstmisc.sty
File: lstmisc.sty 2015/06/04 1.6 (Carsten Heinz)
\c@lstnumber=\count122
\lst@skipnumbers=\count123
\lst@framebox=\box33
)
(c:/texlive/2017/texmf-dist/tex/latex/listings/listings.cfg
File: listings.cfg 2015/06/04 1.6 listings configuration
))
Package: listings 2015/06/04 1.6 (Carsten Heinz)

(./pythonhighlight.sty
Package: pythonhighlight 2011/09/19 python code highlighting; provided by Olivi
er Verdier <olivier.verdier@gmail.com>
 (c:/texlive/2017/texmf-dist/tex/latex/xcolor/xcolor.sty
Package: xcolor 2016/05/11 v2.12 LaTeX color extensions (UK)

(c:/texlive/2017/texmf-dist/tex/latex/graphics-cfg/color.cfg
File: color.cfg 2016/01/02 v1.6 sample color configuration
)
Package xcolor Info: Driver file: pdftex.def on input line 225.
LaTeX Info: Redefining \color on input line 709.
Package xcolor Info: Model `cmy' substituted by `cmy0' on input line 1348.
Package xcolor Info: Model `hsb' substituted by `rgb' on input line 1352.
Package xcolor Info: Model `RGB' extended on input line 1364.
Package xcolor Info: Model `HTML' substituted by `rgb' on input line 1366.
Package xcolor Info: Model `Hsb' substituted by `hsb' on input line 1367.
Package xcolor Info: Model `tHsb' substituted by `hsb' on input line 1368.
Package xcolor Info: Model `HSB' substituted by `hsb' on input line 1369.
Package xcolor Info: Model `Gray' substituted by `gray' on input line 1370.
Package xcolor Info: Model `wave' substituted by `hsb' on input line 1371.
)) (./Report.aux)
\openout1 = `Report.aux'.

LaTeX Font Info:    Checking defaults for OML/cmm/m/it on input line 18.
LaTeX Font Info:    ... okay on input line 18.
LaTeX Font Info:    Checking defaults for T1/cmr/m/n on input line 18.
LaTeX Font Info:    ... okay on input line 18.
LaTeX Font Info:    Checking defaults for OT1/cmr/m/n on input line 18.
LaTeX Font Info:    ... okay on input line 18.
LaTeX Font Info:    Checking defaults for OMS/cmsy/m/n on input line 18.
LaTeX Font Info:    ... okay on input line 18.
LaTeX Font Info:    Checking defaults for OMX/cmex/m/n on input line 18.
LaTeX Font Info:    ... okay on input line 18.
LaTeX Font Info:    Checking defaults for U/cmr/m/n on input line 18.
LaTeX Font Info:    ... okay on input line 18.

-- Lines per column: 58 (exact).
(c:/texlive/2017/texmf-dist/tex/context/base/mkii/supp-pdf.mkii
[Loading MPS to PDF converter (version 2006.09.02).]
\scratchcounter=\count124
\scratchdimen=\dimen142
\scratchbox=\box34
\nofMPsegments=\count125
\nofMParguments=\count126
\everyMPshowfont=\toks26
\MPscratchCnt=\count127
\MPscratchDim=\dimen143
\MPnumerator=\count128
\makeMPintoPDFobject=\count129
\everyMPtoPDFconversion=\toks27
) (c:/texlive/2017/texmf-dist/tex/latex/oberdiek/epstopdf-base.sty
Package: epstopdf-base 2016/05/15 v2.6 Base part for package epstopdf

(c:/texlive/2017/texmf-dist/tex/generic/oberdiek/infwarerr.sty
Package: infwarerr 2016/05/16 v1.4 Providing info/warning/error messages (HO)
)
(c:/texlive/2017/texmf-dist/tex/latex/oberdiek/grfext.sty
Package: grfext 2016/05/16 v1.2 Manage graphics extensions (HO)

(c:/texlive/2017/texmf-dist/tex/generic/oberdiek/kvdefinekeys.sty
Package: kvdefinekeys 2016/05/16 v1.4 Define keys (HO)

(c:/texlive/2017/texmf-dist/tex/generic/oberdiek/ltxcmds.sty
Package: ltxcmds 2016/05/16 v1.23 LaTeX kernel commands for general use (HO)
)))
(c:/texlive/2017/texmf-dist/tex/latex/oberdiek/kvoptions.sty
Package: kvoptions 2016/05/16 v3.12 Key value format for package options (HO)

(c:/texlive/2017/texmf-dist/tex/generic/oberdiek/kvsetkeys.sty
Package: kvsetkeys 2016/05/16 v1.17 Key value parser (HO)

(c:/texlive/2017/texmf-dist/tex/generic/oberdiek/etexcmds.sty
Package: etexcmds 2016/05/16 v1.6 Avoid name clashes with e-TeX commands (HO)

(c:/texlive/2017/texmf-dist/tex/generic/oberdiek/ifluatex.sty
Package: ifluatex 2016/05/16 v1.4 Provides the ifluatex switch (HO)
Package ifluatex Info: LuaTeX not detected.
)
Package etexcmds Info: Could not find \expanded.
(etexcmds)             That can mean that you are not using pdfTeX 1.50 or
(etexcmds)             that some package has redefined \expanded.
(etexcmds)             In the latter case, load this package earlier.
)))
(c:/texlive/2017/texmf-dist/tex/generic/oberdiek/pdftexcmds.sty
Package: pdftexcmds 2017/03/19 v0.25 Utility functions of pdfTeX for LuaTeX (HO
)

(c:/texlive/2017/texmf-dist/tex/generic/oberdiek/ifpdf.sty
Package: ifpdf 2017/03/15 v3.2 Provides the ifpdf switch
)
Package pdftexcmds Info: LuaTeX not detected.
Package pdftexcmds Info: \pdf@primitive is available.
Package pdftexcmds Info: \pdf@ifprimitive is available.
Package pdftexcmds Info: \pdfdraftmode found.
)
Package epstopdf-base Info: Redefining graphics rule for `.eps' on input line 4
38.
Package grfext Info: Graphics extension search list:
(grfext)             [.pdf,.png,.jpg,.mps,.jpeg,.jbig2,.jb2,.PDF,.PNG,.JPG,.JPE
G,.JBIG2,.JB2,.eps]
(grfext)             \AppendGraphicsExtensions on input line 456.

(c:/texlive/2017/texmf-dist/tex/latex/latexconfig/epstopdf-sys.cfg
File: epstopdf-sys.cfg 2010/07/13 v1.3 Configuration of (r)epstopdf for TeX Liv
e
))
\c@lstlisting=\count130
LaTeX Font Info:    Try loading font information for U+msa on input line 40.

(c:/texlive/2017/texmf-dist/tex/latex/amsfonts/umsa.fd
File: umsa.fd 2013/01/14 v3.01 AMS symbols A
)
LaTeX Font Info:    Try loading font information for U+msb on input line 40.

(c:/texlive/2017/texmf-dist/tex/latex/amsfonts/umsb.fd
File: umsb.fd 2013/01/14 v3.01 AMS symbols B
)
<10_1.png, id=1, 505.89pt x 505.89pt>
File: 10_1.png Graphic file (type png)
<use 10_1.png>
Package pdftex.def Info: 10_1.png  used on input line 53. on input line 53.
Package pdftex.def Info: Requested size: 176.40028pt x 151.20465pt on input lin
e 53.

Overfull \hbox (7.00533pt too wide) detected at line 65
\OML/cmm/m/it/10 X[]\OMS/cmsy/m/n/10 j\OML/cmm/m/it/10 X[]; X[]; :::; X[] \OMS/
cmsy/m/n/10 ^^X \OML/cmm/m/it/10 Unif\OT1/cmr/m/n/10 (0\OML/cmm/m/it/10 ; [] \O
MS/cmsy/m/n/10 ^^B \OT1/cmr/m/n/10 (10 \OMS/cmsy/m/n/10 ^^@ [] \OML/cmm/m/it/10
 X[]\OT1/cmr/m/n/10 )) (1 \OMS/cmsy/m/n/10 ^^T \OML/cmm/m/it/10 j \OMS/cmsy/m/n
/10 ^^T \OT1/cmr/m/n/10 4)
 []

<10_2.png, id=3, 505.89pt x 505.89pt>
File: 10_2.png Graphic file (type png)
<use 10_2.png>
Package pdftex.def Info: 10_2.png  used on input line 72. on input line 72.
Package pdftex.def Info: Requested size: 176.40028pt x 151.20465pt on input lin
e 72.
<10_3.png, id=4, 505.89pt x 505.89pt>
File: 10_3.png Graphic file (type png)
<use 10_3.png>
Package pdftex.def Info: 10_3.png  used on input line 77. on input line 77.
Package pdftex.def Info: Requested size: 176.40028pt x 151.20465pt on input lin
e 77.
<10_4.png, id=5, 505.89pt x 505.89pt>
File: 10_4.png Graphic file (type png)
<use 10_4.png>
Package pdftex.def Info: 10_4.png  used on input line 82. on input line 82.
Package pdftex.def Info: Requested size: 176.40028pt x 151.20465pt on input lin
e 82.
<10_5.png, id=6, 505.89pt x 505.89pt>
File: 10_5.png Graphic file (type png)
<use 10_5.png>
Package pdftex.def Info: 10_5.png  used on input line 87. on input line 87.
Package pdftex.def Info: Requested size: 176.40028pt x 151.20465pt on input lin
e 87.
<10_Overall.png, id=7, 462.528pt x 346.896pt>
File: 10_Overall.png Graphic file (type png)
<use 10_Overall.png>
Package pdftex.def Info: 10_Overall.png  used on input line 92. on input line 9
2.
Package pdftex.def Info: Requested size: 176.39764pt x 151.20024pt on input lin
e 92.

Overfull \hbox (22.67259pt too wide) detected at line 98
\OML/cmm/m/it/10 X[]\OMS/cmsy/m/n/10 j\OML/cmm/m/it/10 X[]; X[]; :::; X[] \OMS/
cmsy/m/n/10 ^^X \OML/cmm/m/it/10 Unif\OT1/cmr/m/n/10 (0\OML/cmm/m/it/10 ; [] \O
MS/cmsy/m/n/10 ^^B \OT1/cmr/m/n/10 (10 \OMS/cmsy/m/n/10 ^^@ [] \OML/cmm/m/it/10
 X[]\OT1/cmr/m/n/10 )) (1 \OMS/cmsy/m/n/10 ^^T \OML/cmm/m/it/10 j \OMS/cmsy/m/n
/10 ^^T \OT1/cmr/m/n/10 4)
 []

(c:/texlive/2017/texmf-dist/tex/latex/listings/lstlang1.sty
File: lstlang1.sty 2015/06/04 1.6 listings language file
) [1{c:/texlive/2017/texmf-var/fonts/map/pdftex/updmap/pdftex.map}


 <./10_1.png> <./10_2.png>]
LaTeX Font Info:    Try loading font information for OT1+pcr on input line 118.


(c:/texlive/2017/texmf-dist/tex/latex/psnfss/ot1pcr.fd
File: ot1pcr.fd 2001/06/04 font definitions for OT1/pcr.
) (./Stimulation_1.py
LaTeX Font Info:    Font shape `OT1/pcr/bx/n' in size <8> not available
(Font)              Font shape `OT1/pcr/b/n' tried instead on input line 1.
)
<output_1.png, id=28, 505.89pt x 505.89pt>
File: output_1.png Graphic file (type png)
<use output_1.png>
Package pdftex.def Info: output_1.png  used on input line 124. on input line 12
4.
Package pdftex.def Info: Requested size: 176.40028pt x 151.20465pt on input lin
e 124.
<output_2.png, id=29, 505.89pt x 505.89pt>
File: output_2.png Graphic file (type png)
<use output_2.png>
Package pdftex.def Info: output_2.png  used on input line 131. on input line 13
1.
Package pdftex.def Info: Requested size: 176.40028pt x 151.20465pt on input lin
e 131.
<output_3.png, id=30, 505.89pt x 505.89pt>
File: output_3.png Graphic file (type png)
<use output_3.png>
Package pdftex.def Info: output_3.png  used on input line 138. on input line 13
8.
Package pdftex.def Info: Requested size: 176.40028pt x 151.20465pt on input lin
e 138.
<output_4.png, id=31, 505.89pt x 505.89pt>
File: output_4.png Graphic file (type png)
<use output_4.png>
Package pdftex.def Info: output_4.png  used on input line 145. on input line 14
5.
Package pdftex.def Info: Requested size: 176.40028pt x 151.20465pt on input lin
e 145.
<output_5.png, id=32, 505.89pt x 505.89pt>
File: output_5.png Graphic file (type png)
<use output_5.png>
Package pdftex.def Info: output_5.png  used on input line 153. on input line 15
3.
Package pdftex.def Info: Requested size: 176.40028pt x 151.20465pt on input lin
e 153.
<output.png, id=33, 462.528pt x 346.896pt>
File: output.png Graphic file (type png)
<use output.png>
Package pdftex.def Info: output.png  used on input line 159. on input line 159.

Package pdftex.def Info: Requested size: 176.39764pt x 151.20024pt on input lin
e 159.

Underfull \vbox (badness 10000) has occurred while \output is active []

 [2 <./10_3.png> <./10_4.png> <./10_5.png> <./10_Overall.png> <./output_1.png>]

Underfull \vbox (badness 10000) has occurred while \output is active []

<Posterior_1.png, id=44, 505.89pt x 505.89pt>
File: Posterior_1.png Graphic file (type png)
<use Posterior_1.png>
Package pdftex.def Info: Posterior_1.png  used on input line 170. on input line
 170.
Package pdftex.def Info: Requested size: 176.40028pt x 151.20465pt on input lin
e 170.
<Posterior_2.png, id=45, 505.89pt x 505.89pt>
File: Posterior_2.png Graphic file (type png)
<use Posterior_2.png>
Package pdftex.def Info: Posterior_2.png  used on input line 177. on input line
 177.
Package pdftex.def Info: Requested size: 176.40028pt x 157.50357pt on input lin
e 177.
<Posterior_3.png, id=46, 505.89pt x 505.89pt>
File: Posterior_3.png Graphic file (type png)
<use Posterior_3.png>
Package pdftex.def Info: Posterior_3.png  used on input line 184. on input line
 184.
Package pdftex.def Info: Requested size: 176.40028pt x 132.30022pt on input lin
e 184.
<Posterior_4.png, id=47, 505.89pt x 505.89pt>
File: Posterior_4.png Graphic file (type png)
<use Posterior_4.png>
Package pdftex.def Info: Posterior_4.png  used on input line 191. on input line
 191.
Package pdftex.def Info: Requested size: 176.40028pt x 132.30022pt on input lin
e 191.
<Posterior_5.png, id=48, 505.89pt x 505.89pt>
File: Posterior_5.png Graphic file (type png)
<use Posterior_5.png>
Package pdftex.def Info: Posterior_5.png  used on input line 198. on input line
 198.
Package pdftex.def Info: Requested size: 176.40028pt x 126.00131pt on input lin
e 198.
<Posterior.png, id=49, 462.528pt x 346.896pt>
File: Posterior.png Graphic file (type png)
<use Posterior.png>
Package pdftex.def Info: Posterior.png  used on input line 204. on input line 2
04.
Package pdftex.def Info: Requested size: 176.39764pt x 151.20024pt on input lin
e 204.
<Stimulation.png, id=50, 462.528pt x 346.896pt>
File: Stimulation.png Graphic file (type png)
<use Stimulation.png>
Package pdftex.def Info: Stimulation.png  used on input line 214. on input line
 214.
Package pdftex.def Info: Requested size: 176.39764pt x 201.6021pt on input line
 214.

Underfull \vbox (badness 5741) has occurred while \output is active []

 [3 <./output_2.png> <./output_3.png> <./output_4.png> <./output_5.png> <./outp
ut.png> <./Posterior_1.png>]

LaTeX Warning: Text page 4 contains only floats.

[4 <./Posterior_2.png> <./Posterior_3.png> <./Posterior_4.png> <./Posterior_5.p
ng> <./Posterior.png> <./Stimulation.png>]
Overfull \hbox (17.42346pt too wide) in paragraph at lines 253--258
[]$[]$ \OT1/ptm/m/n/10 https://www.zhihu.com/question/22625187/answer/85530416 

 []


Overfull \hbox (1.35323pt too wide) in paragraph at lines 253--258
[]$ \OT1/ptm/m/n/10 https://github.com/KevinZhang199803/SI140[]Final[]Project 
 []

[5

] (./Report.aux) ) 
Here is how much of TeX's memory you used:
 5885 strings out of 492990
 83363 string characters out of 6136334
 249807 words of memory out of 5000000
 9323 multiletter control sequences out of 15000+600000
 42333 words of font info for 90 fonts, out of 8000000 for 9000
 1141 hyphenation exceptions out of 8191
 41i,16n,50p,535b,1870s stack positions out of 5000i,500n,10000p,200000b,80000s
{c:/texlive/2017/texmf-dist/fonts/enc/dvips/base/8r.enc}<c:/t
exlive/2017/texmf-dist/fonts/type1/public/amsfonts/cm/cmex10.pfb><c:/texlive/20
17/texmf-dist/fonts/type1/public/amsfonts/cm/cmmi10.pfb><c:/texlive/2017/texmf-
dist/fonts/type1/public/amsfonts/cm/cmmi7.pfb><c:/texlive/2017/texmf-dist/fonts
/type1/public/amsfonts/cm/cmmi8.pfb><c:/texlive/2017/texmf-dist/fonts/type1/pub
lic/amsfonts/cm/cmr10.pfb><c:/texlive/2017/texmf-dist/fonts/type1/public/amsfon
ts/cm/cmr6.pfb><c:/texlive/2017/texmf-dist/fonts/type1/public/amsfonts/cm/cmr7.
pfb><c:/texlive/2017/texmf-dist/fonts/type1/public/amsfonts/cm/cmsy10.pfb><c:/t
exlive/2017/texmf-dist/fonts/type1/public/amsfonts/cm/cmsy7.pfb><c:/texlive/201
7/texmf-dist/fonts/type1/urw/courier/ucrb8a.pfb><c:/texlive/2017/texmf-dist/fon
ts/type1/urw/courier/ucrr8a.pfb><c:/texlive/2017/texmf-dist/fonts/type1/urw/tim
es/utmb8a.pfb><c:/texlive/2017/texmf-dist/fonts/type1/urw/times/utmbi8a.pfb><c:
/texlive/2017/texmf-dist/fonts/type1/urw/times/utmr8a.pfb><c:/texlive/2017/texm
f-dist/fonts/type1/urw/times/utmri8a.pfb>
Output written on Report.pdf (5 pages, 716668 bytes).
PDF statistics:
 120 PDF objects out of 1000 (max. 8388607)
 59 compressed objects within 1 object stream
 0 named destinations out of 1000 (max. 500000)
 96 words of extra memory for PDF output out of 10000 (max. 10000000)

